{"logLevel":"debug","message":"multithreading is set to true"}
{"logLevel":"debug","message":"multithreading enabled, but could not read GAUGE_PARALLEL_STREAMS_COUNT as int. Got GAUGE_PARALLEL_STREAMS_COUNT=null"}
{"logLevel":"debug","message":"using numberOfStreams=1, err: null"}
{"logLevel":"debug","message":"Using reflection to scan dependencies for gauge implementations..."}
SLF4J: Failed to load class "org.slf4j.impl.StaticLoggerBinder".
SLF4J: Defaulting to no-operation (NOP) logger implementation
SLF4J: See http://www.slf4j.org/codes.html#StaticLoggerBinder for further details.
{"logLevel":"debug","message":"gauge-java took 671milliseconds to load and scan. This should be less than 'runner_connection_timeout' config value."}
{"logLevel":"debug","message":"run 'gauge config runner_connection_timeout' and verify that it is < 671"}
{"logLevel":"debug","message":"starting gRPC server..."}
{"logLevel":"debug","message":"started gRPC server on port 52203"}
{"logLevel":"info","message":"Listening on port:52203"}
{"logLevel":"debug","message":"Scanning packages for steps"}
{"logLevel":"debug","message":"Comparing 'org.example.StepImplementation.openBrowser' and 'org.example.StepImplementation.openBrowser'"}
{"logLevel":"debug","message":"Found Open Browser in current project scope."}
{"logLevel":"debug","message":"Comparing 'org.example.StepImplementation.waitBySecond' and 'org.example.StepImplementation.waitBySecond'"}
{"logLevel":"debug","message":"Found Wait {} seconds in current project scope."}
{"logLevel":"debug","message":"Comparing 'org.example.StepImplementation.checkIsDisplayed' and 'org.example.StepImplementation.checkIsDisplayed'"}
{"logLevel":"debug","message":"Found Check if {} section displayed in current project scope."}
{"logLevel":"debug","message":"Comparing 'org.example.StepImplementation.navigateTo' and 'org.example.StepImplementation.navigateTo'"}
{"logLevel":"debug","message":"Found Navigate to homepage in current project scope."}
{"logLevel":"debug","message":"Comparing 'org.example.StepImplementation.checkPageLanding' and 'org.example.StepImplementation.checkPageLanding'"}
{"logLevel":"debug","message":"Found Check page landing in current project scope."}
{"logLevel":"debug","message":"Scanning packages for hooks"}
{"logLevel":"debug","message":"Scanned steps (using static parsing + reflections): "}
{"logLevel":"debug","message":"\tCheck if {} section displayed : public void checkIsDisplayed(By by)"}
{"logLevel":"debug","message":"\tOpen Browser : public void openBrowser()"}
{"logLevel":"debug","message":"\tNavigate to homepage : public void navigateTo()"}
{"logLevel":"debug","message":"\tCheck page landing : public void checkPageLanding()"}
{"logLevel":"debug","message":"\tWait {} seconds : public void waitBySecond(ınt x)"}
Starting ChromeDriver 94.0.4606.61 (418b78f5838ed0b1c69bb4e51ea0252171854915-refs/branch-heads/4606@{#1204}) on port 30767
Only local connections are allowed.
Please see https://chromedriver.chromium.org/security-considerations for suggestions on keeping ChromeDriver safe.
ChromeDriver was started successfully.
[1634318016.978][WARNING]: Deprecated chrome option is ignored: useAutomationExtension
[1634318016.978][WARNING]: Deprecated chrome option is ignored: useAutomationExtension
Eki 15, 2021 8:13:37 ÖS org.openqa.selenium.remote.ProtocolHandshake createSession
INFO: Detected dialect: W3C
{"logLevel":"debug","message":"Executing 'Navigate to homepage' using 'class org.example.StepImplementation.navigateTo"}
{"logLevel":"debug","message":"Executing 'Check page landing' using 'class org.example.StepImplementation.checkPageLanding"}
{"logLevel":"debug","message":"Executing 'Check if {} section displayed' using 'class org.example.StepImplementation.checkIsDisplayed"}
{"logLevel":"debug","message":"Killing Java runner..."}
{"logLevel":"debug","message":"Stopping execution pool..."}
{"logLevel":"debug","message":"Shutting down grpc server..."}
{"logLevel":"debug","message":"Runner killed gracefully."}
