{"logLevel":"debug","message":"multithreading is set to true"}
{"logLevel":"debug","message":"multithreading enabled, but could not read GAUGE_PARALLEL_STREAMS_COUNT as int. Got GAUGE_PARALLEL_STREAMS_COUNT=null"}
{"logLevel":"debug","message":"using numberOfStreams=1, err: null"}
{"logLevel":"debug","message":"Using reflection to scan dependencies for gauge implementations..."}
SLF4J: Failed to load class "org.slf4j.impl.StaticLoggerBinder".
SLF4J: Defaulting to no-operation (NOP) logger implementation
SLF4J: See http://www.slf4j.org/codes.html#StaticLoggerBinder for further details.
{"logLevel":"debug","message":"gauge-java took 912milliseconds to load and scan. This should be less than 'runner_connection_timeout' config value."}
{"logLevel":"debug","message":"run 'gauge config runner_connection_timeout' and verify that it is < 912"}
{"logLevel":"debug","message":"starting gRPC server..."}
{"logLevel":"debug","message":"started gRPC server on port 59831"}
{"logLevel":"info","message":"Listening on port:59831"}
{"logLevel":"debug","message":"Scanning packages for steps"}
{"logLevel":"debug","message":"Comparing 'org.example.StepImplementation.checkElementContainsText' and 'org.example.StepImplementation.checkElementContainsText'"}
{"logLevel":"debug","message":"Found Check if element {} contains text {} in current project scope."}
{"logLevel":"debug","message":"Comparing 'org.example.StepImplementation.checkElementContainsText' and 'org.example.StepImplementation.checkElementContainsText'"}
{"logLevel":"debug","message":"Found {} elementi {} değerini içeriyor mu kontrol et in current project scope."}
{"logLevel":"debug","message":"Comparing 'org.example.StepImplementation.checkElementContainsText' and 'org.example.StepImplementation.checkElementContainsText'"}
{"logLevel":"debug","message":"Found Check if title contains text {} in current project scope."}
{"logLevel":"debug","message":"Comparing 'org.example.StepImplementation.checkElementContainsText' and 'org.example.StepImplementation.checkElementContainsText'"}
{"logLevel":"debug","message":"Found Title {} değerini içeriyor mu kontrol et in current project scope."}
{"logLevel":"debug","message":"Comparing 'org.example.StepImplementation.jsClicker' and 'org.example.StepImplementation.jsClicker'"}
{"logLevel":"debug","message":"Found Click with js method {} in current project scope."}
{"logLevel":"debug","message":"Comparing 'org.example.StepImplementation.asdfas' and 'org.example.StepImplementation.asdfas'"}
{"logLevel":"debug","message":"Found {} has next degeri true ise her sayfada bulunan {} li key ile 60 urun yuklendigini dogrula in current project scope."}
{"logLevel":"debug","message":"Comparing 'org.example.StepImplementation.asdfas' and 'org.example.StepImplementation.asdfas'"}
{"logLevel":"debug","message":"Found If {} element's attribute value true then verify 60 products loaded in every page with {} in current project scope."}
{"logLevel":"debug","message":"Comparing 'org.example.StepImplementation.selectFromAutoSuggestiveDropDown' and 'org.example.StepImplementation.selectFromAutoSuggestiveDropDown'"}
{"logLevel":"debug","message":"Found Select address from auto suggestive dropdown with {} in current project scope."}
{"logLevel":"debug","message":"Comparing 'org.example.StepImplementation.scrollToElement' and 'org.example.StepImplementation.scrollToElement'"}
{"logLevel":"debug","message":"Found {} alanına kaydır in current project scope."}
{"logLevel":"debug","message":"Comparing 'org.example.StepImplementation.clickElement' and 'org.example.StepImplementation.clickElement'"}
{"logLevel":"debug","message":"Found Click to element {} in current project scope."}
{"logLevel":"debug","message":"Comparing 'org.example.StepImplementation.clickElement' and 'org.example.StepImplementation.clickElement'"}
{"logLevel":"debug","message":"Found Elementine tıkla {} in current project scope."}
{"logLevel":"debug","message":"Comparing 'org.example.StepImplementation.chooseRandomElementFromList' and 'org.example.StepImplementation.chooseRandomElementFromList'"}
{"logLevel":"debug","message":"Found {} menu listesinden rasgele seç in current project scope."}
{"logLevel":"debug","message":"Comparing 'org.example.StepImplementation.checkRelativePosition' and 'org.example.StepImplementation.checkRelativePosition'"}
{"logLevel":"debug","message":"Found Check position {} relative to {} in current project scope."}
{"logLevel":"debug","message":"Comparing 'org.example.StepImplementation.javascriptClickerWithCss' and 'org.example.StepImplementation.javascriptClickerWithCss'"}
{"logLevel":"debug","message":"Found Click with javascript to css {} in current project scope."}
{"logLevel":"debug","message":"Comparing 'org.example.StepImplementation.javascriptClickerWithCss' and 'org.example.StepImplementation.javascriptClickerWithCss'"}
{"logLevel":"debug","message":"Found Javascript ile css tıkla {} in current project scope."}
{"logLevel":"debug","message":"Comparing 'org.example.StepImplementation.navigateToHomePage' and 'org.example.StepImplementation.navigateToHomePage'"}
{"logLevel":"debug","message":"Found Navigate to home page in current project scope."}
{"logLevel":"debug","message":"Comparing 'org.example.StepImplementation.hoverByGivenElement' and 'org.example.StepImplementation.hoverByGivenElement'"}
{"logLevel":"debug","message":"Found Hover by given element {} in current project scope."}
{"logLevel":"debug","message":"Comparing 'org.example.StepImplementation.brokenLinkCheck' and 'org.example.StepImplementation.brokenLinkCheck'"}
{"logLevel":"debug","message":"Found kırık link kt {} in current project scope."}
{"logLevel":"debug","message":"Comparing 'org.example.StepImplementation.sendKeysToGivenElement' and 'org.example.StepImplementation.sendKeysToGivenElement'"}
{"logLevel":"debug","message":"Found Send {} Keys to given element {} in current project scope."}
{"logLevel":"debug","message":"Comparing 'org.example.StepImplementation.isEnableSection' and 'org.example.StepImplementation.isEnableSection'"}
{"logLevel":"debug","message":"Found Element with {} is enable on website in current project scope."}
{"logLevel":"debug","message":"Comparing 'org.example.StepImplementation.isEnableSection' and 'org.example.StepImplementation.isEnableSection'"}
{"logLevel":"debug","message":"Found {} li element sayfada enable mı kontrol et  in current project scope."}
{"logLevel":"debug","message":"Comparing 'org.example.StepImplementation.s' and 'org.example.StepImplementation.s'"}
{"logLevel":"debug","message":"Found Select {} list with {} in current project scope."}
{"logLevel":"debug","message":"Comparing 'org.example.StepImplementation.switchTabsUsingPartOfUrl' and 'org.example.StepImplementation.switchTabsUsingPartOfUrl'"}
{"logLevel":"debug","message":"Found Check if new tab has verified url {} in current project scope."}
{"logLevel":"debug","message":"Comparing 'org.example.StepImplementation.isDisplayedSection' and 'org.example.StepImplementation.isDisplayedSection'"}
{"logLevel":"debug","message":"Found Element with {} is displayed on website in current project scope."}
{"logLevel":"debug","message":"Comparing 'org.example.StepImplementation.isDisplayedSection' and 'org.example.StepImplementation.isDisplayedSection'"}
{"logLevel":"debug","message":"Found {} li element sayfada görüntüleniyor mu kontrol et  in current project scope."}
{"logLevel":"debug","message":"Comparing 'org.example.StepImplementation.waitUntilElementsLoadedAndCheckSortingSuccessful' and 'org.example.StepImplementation.waitUntilElementsLoadedAndCheckSortingSuccessful'"}
{"logLevel":"debug","message":"Found Wait until elements loaded {} and verify sorting in current project scope."}
{"logLevel":"debug","message":"Comparing 'org.example.StepImplementation.checkElementAttributeExists' and 'org.example.StepImplementation.checkElementAttributeExists'"}
{"logLevel":"debug","message":"Found Check if element {} has attribute {} in current project scope."}
{"logLevel":"debug","message":"Comparing 'org.example.StepImplementation.checkElementAttributeExists' and 'org.example.StepImplementation.checkElementAttributeExists'"}
{"logLevel":"debug","message":"Found {} elementi {} niteliğine sahip mi in current project scope."}
{"logLevel":"debug","message":"Comparing 'org.example.StepImplementation.navigateToGivenPage' and 'org.example.StepImplementation.navigateToGivenPage'"}
{"logLevel":"debug","message":"Found Navigate to given page {} in current project scope."}
{"logLevel":"debug","message":"Comparing 'org.example.StepImplementation.waitUntilImageUploadedAndClickCheckBox' and 'org.example.StepImplementation.waitUntilImageUploadedAndClickCheckBox'"}
{"logLevel":"debug","message":"Found Wait until image uploaded and click checkbox {} in current project scope."}
{"logLevel":"debug","message":"Comparing 'org.example.StepImplementation.javascriptClickerWithXpath' and 'org.example.StepImplementation.javascriptClickerWithXpath'"}
{"logLevel":"debug","message":"Found Click with javascript to xpath {} in current project scope."}
{"logLevel":"debug","message":"Comparing 'org.example.StepImplementation.javascriptClickerWithXpath' and 'org.example.StepImplementation.javascriptClickerWithXpath'"}
{"logLevel":"debug","message":"Found Javascript ile xpath tıkla {} in current project scope."}
{"logLevel":"debug","message":"Comparing 'org.example.StepImplementation.getElementWithKeyIfExistsWithMessage' and 'org.example.StepImplementation.getElementWithKeyIfExistsWithMessage'"}
{"logLevel":"debug","message":"Found Check if element {} exists else print message {} in current project scope."}
{"logLevel":"debug","message":"Comparing 'org.example.StepImplementation.getElementWithKeyIfExistsWithMessage' and 'org.example.StepImplementation.getElementWithKeyIfExistsWithMessage'"}
{"logLevel":"debug","message":"Found Element {} var mı kontrol et yoksa hata mesajı ver {} in current project scope."}
{"logLevel":"debug","message":"Comparing 'org.example.StepImplementation.select' and 'org.example.StepImplementation.select'"}
{"logLevel":"debug","message":"Found Select from {} list with {} in current project scope."}
{"logLevel":"debug","message":"Comparing 'org.example.StepImplementation.isExistOnCartPage' and 'org.example.StepImplementation.isExistOnCartPage'"}
{"logLevel":"debug","message":"Found {} product is exist on cart page in current project scope."}
{"logLevel":"debug","message":"Comparing 'org.example.StepImplementation.warningMessageShouldBe' and 'org.example.StepImplementation.warningMessageShouldBe'"}
{"logLevel":"debug","message":"Found Given element {} dynamic text area warning message should be in current project scope."}
{"logLevel":"debug","message":"Comparing 'org.example.StepImplementation.waitByMilliSeconds' and 'org.example.StepImplementation.waitByMilliSeconds'"}
{"logLevel":"debug","message":"Found Wait {} milliseconds in current project scope."}
{"logLevel":"debug","message":"Comparing 'org.example.StepImplementation.waitByMilliSeconds' and 'org.example.StepImplementation.waitByMilliSeconds'"}
{"logLevel":"debug","message":"Found {} milisaniye bekle in current project scope."}
{"logLevel":"debug","message":"Comparing 'org.example.StepImplementation.asdf' and 'org.example.StepImplementation.asdf'"}
{"logLevel":"debug","message":"Found Check if {} element's attribute value {} in current project scope."}
{"logLevel":"debug","message":"Comparing 'org.example.StepImplementation.textRangeAndWarningMessageShouldBe' and 'org.example.StepImplementation.textRangeAndWarningMessageShouldBe'"}
{"logLevel":"debug","message":"Found Given element {} dynamic text area range should be max {} in current project scope."}
{"logLevel":"debug","message":"Comparing 'org.example.StepImplementation.uploadImage' and 'org.example.StepImplementation.uploadImage'"}
{"logLevel":"debug","message":"Found Upload file to given {} in current project scope."}
{"logLevel":"debug","message":"Comparing 'org.example.StepImplementationHomePage.implementation1' and 'org.example.StepImplementationHomePage.implementation1'"}
{"logLevel":"debug","message":"Found HomePage Actions in current project scope."}
{"logLevel":"debug","message":"Comparing 'org.example.StepImplementation.scrollToElementWithJs' and 'org.example.StepImplementation.scrollToElementWithJs'"}
{"logLevel":"debug","message":"Found Scroll to {} field in current project scope."}
{"logLevel":"debug","message":"Comparing 'org.example.StepImplementation.scrollToElementWithJs' and 'org.example.StepImplementation.scrollToElementWithJs'"}
{"logLevel":"debug","message":"Found {} alanına js ile kaydır in current project scope."}
{"logLevel":"debug","message":"Scanning packages for hooks"}
{"logLevel":"debug","message":"Scanned steps (using static parsing + reflections): "}
{"logLevel":"debug","message":"\tWait {} milliseconds : public void waitByMilliSeconds(long milliseconds)"}
{"logLevel":"debug","message":"\tJavascript ile css tıkla {} : public void javascriptClickerWithCss(String css)"}
{"logLevel":"debug","message":"\t{} milisaniye bekle : public void waitByMilliSeconds(long milliseconds)"}
{"logLevel":"debug","message":"\tCheck if element {} has attribute {} : public void checkElementAttributeExists(String key, String attribute)"}
{"logLevel":"debug","message":"\tGiven element {} dynamic text area range should be max {} : public void textRangeAndWarningMessageShouldBe(String key, String limit)"}
{"logLevel":"debug","message":"\tCheck if {} element's attribute value {} : public void asdf(String key, String active)"}
{"logLevel":"debug","message":"\tHomePage Actions : public void implementation1()"}
{"logLevel":"debug","message":"\tElement {} var mı kontrol et yoksa hata mesajı ver {} : public void getElementWithKeyIfExistsWithMessage(String key, String message)"}
{"logLevel":"debug","message":"\tNavigate to given page {} : public void navigateToGivenPage(String string)"}
{"logLevel":"debug","message":"\t{} elementi {} değerini içeriyor mu kontrol et : public void checkElementContainsText(String key, String expectedText)"}
{"logLevel":"debug","message":"\tWait until image uploaded and click checkbox {} : public void waitUntilImageUploadedAndClickCheckBox(String key)"}
{"logLevel":"debug","message":"\tSelect from {} list with {} : public void select(String key, String text)"}
{"logLevel":"debug","message":"\tCheck if element {} exists else print message {} : public void getElementWithKeyIfExistsWithMessage(String key, String message)"}
{"logLevel":"debug","message":"\tCheck if new tab has verified url {} : public void switchTabsUsingPartOfUrl(String key)"}
{"logLevel":"debug","message":"\tUpload file to given {} : public void uploadImage(String key) throws AWTException, InterruptedException"}
{"logLevel":"debug","message":"\tHover by given element {} : public void hoverByGivenElement(String key)"}
{"logLevel":"debug","message":"\tCheck if title contains text {} : public void checkElementContainsText(String expectedText)"}
{"logLevel":"debug","message":"\tGiven element {} dynamic text area warning message should be : public void warningMessageShouldBe(String key)"}
{"logLevel":"debug","message":"\t{} li element sayfada görüntüleniyor mu kontrol et  : public void isDisplayedSection(String key)"}
{"logLevel":"debug","message":"\t{} has next degeri true ise her sayfada bulunan {} li key ile 60 urun yuklendigini dogrula : public void asdfas(String key, String elements) throws InterruptedException"}
{"logLevel":"debug","message":"\t{} alanına kaydır : public void scrollToElement(String key)"}
{"logLevel":"debug","message":"\tTitle {} değerini içeriyor mu kontrol et : public void checkElementContainsText(String expectedText)"}
{"logLevel":"debug","message":"\tElement with {} is enable on website : public void isEnableSection(String key)"}
{"logLevel":"debug","message":"\tSend {} Keys to given element {} : public void sendKeysToGivenElement(String text, String key)"}
{"logLevel":"debug","message":"\t{} elementi {} niteliğine sahip mi : public void checkElementAttributeExists(String key, String attribute)"}
{"logLevel":"debug","message":"\tkırık link kt {} : public void brokenLinkCheck(String key)"}
{"logLevel":"debug","message":"\tJavascript ile xpath tıkla {} : public void javascriptClickerWithXpath(String xpath)"}
{"logLevel":"debug","message":"\t{} alanına js ile kaydır : public void scrollToElementWithJs(String key)"}
{"logLevel":"debug","message":"\t{} product is exist on cart page : public void isExistOnCartPage(String key)"}
{"logLevel":"debug","message":"\tSelect {} list with {} : public void s(String key, String option)"}
{"logLevel":"debug","message":"\tScroll to {} field : public void scrollToElementWithJs(String key)"}
{"logLevel":"debug","message":"\tCheck if element {} contains text {} : public void checkElementContainsText(String key, String expectedText)"}
{"logLevel":"debug","message":"\t{} menu listesinden rasgele seç : public void chooseRandomElementFromList(String key)"}
{"logLevel":"debug","message":"\tClick to element {} : public void clickElement(String key)"}
{"logLevel":"debug","message":"\tWait until elements loaded {} and verify sorting : public void waitUntilElementsLoadedAndCheckSortingSuccessful(String key)"}
{"logLevel":"debug","message":"\tClick with js method {} : public void jsClicker(String key)"}
{"logLevel":"debug","message":"\t{} li element sayfada enable mı kontrol et  : public void isEnableSection(String key)"}
{"logLevel":"debug","message":"\tCheck position {} relative to {} : public Boolean checkRelativePosition(String key1, String key2)"}
{"logLevel":"debug","message":"\tIf {} element's attribute value true then verify 60 products loaded in every page with {} : public void asdfas(String key, String elements) throws InterruptedException"}
{"logLevel":"debug","message":"\tNavigate to home page : public void navigateToHomePage()"}
{"logLevel":"debug","message":"\tElement with {} is displayed on website : public void isDisplayedSection(String key)"}
{"logLevel":"debug","message":"\tSelect address from auto suggestive dropdown with {} : public void selectFromAutoSuggestiveDropDown(String key)"}
{"logLevel":"debug","message":"\tClick with javascript to xpath {} : public void javascriptClickerWithXpath(String xpath)"}
{"logLevel":"debug","message":"\tClick with javascript to css {} : public void javascriptClickerWithCss(String css)"}
{"logLevel":"debug","message":"\tElementine tıkla {} : public void clickElement(String key)"}
Starting ChromeDriver 97.0.4692.71 (adefa7837d02a07a604c1e6eff0b3a09422ab88d-refs/branch-heads/4692@{#1247}) on port 34137
Only local connections are allowed.
Please see https://chromedriver.chromium.org/security-considerations for suggestions on keeping ChromeDriver safe.
ChromeDriver was started successfully.
[1642120337.062][WARNING]: Deprecated chrome option is ignored: useAutomationExtension
[1642120337.062][WARNING]: Deprecated chrome option is ignored: useAutomationExtension
Oca 14, 2022 3:32:17 ÖÖ org.openqa.selenium.remote.ProtocolHandshake createSession
INFO: Detected dialect: W3C
{"logLevel":"debug","message":"Executing 'Navigate to given page {}' using 'class org.example.StepImplementation.navigateToGivenPage"}
{"logLevel":"debug","message":"Executing 'Wait {} milliseconds' using 'class org.example.StepImplementation.waitByMilliSeconds"}
{"logLevel":"debug","message":"Executing 'Click to element {}' using 'class org.example.StepImplementation.clickElement"}
{"logLevel":"debug","message":"Executing 'kırık link kt {}' using 'class org.example.StepImplementation.brokenLinkCheck"}
https://www.mizu.com/en-mx/birthday is a valid link
https://www.mizu.com/en-mx/anniversary is a valid link
https://www.mizu.com/en-mx/graduation is a valid link
https://www.mizu.com/en-mx/funeral is a valid link
https://www.mizu.com/en-mx/just-because is a valid link
https://www.mizu.com/en-mx/congratulations is a valid link
https://www.mizu.com/en-mx/i-am-sorry is a valid link
https://www.mizu.com/en-mx/get-well is a valid link
https://www.mizu.com/en-mx/new-baby is a valid link
https://www.mizu.com/en-mx/thank-you is a valid link
https://www.mizu.com/en-mx/new-job is a valid link
https://www.mizu.com/en-mx/birthday-of-her is a valid link
https://www.mizu.com/en-mx/birthday-of-him is a valid link
https://www.mizu.com/en-mx/birthday-flowers is a valid link
https://www.mizu.com/en-mx/birthday-gifts is a valid link
https://www.mizu.com/en-mx/birthday-gourmet is a valid link
https://www.mizu.com/en-mx/occasions-balloons is a valid link
https://www.mizu.com/en-mx/birthday-kits is a valid link
https://www.mizu.com/en-mx/personalized-gifts-birthday is a valid link
https://www.mizu.com/en-mx/offers-flowers is a valid link
https://www.mizu.com/en-mx/affordable-flowers-250 is a valid link
https://www.mizu.com/en-mx/new-arrangements is a valid link
https://www.mizu.com/en-mx/birthday-flowers is a valid link
https://www.mizu.com/en-mx/flower-arrangements is a valid link
https://www.mizu.com/en-mx/flower-baskets is a valid link
https://www.mizu.com/en-mx/flower-types is a valid link
https://www.mizu.com/en-mx/bundles is a valid link
https://www.mizu.com/en-mx/bundles-stuffed-toys is a valid link
https://www.mizu.com/en-mx/potted-flowers is a valid link
https://www.mizu.com/en-mx/bouquets is a valid link
https://www.mizu.com/en-mx/funeral-arrangements is a valid link
https://www.mizu.com/en-mx/roses is a valid link
https://www.mizu.com/en-mx/orchids is a valid link
https://www.mizu.com/en-mx/gerbera is a valid link
https://www.mizu.com/en-mx/sunflowers is a valid link
https://www.mizu.com/en-mx/lillies is a valid link
https://www.mizu.com/en-mx/daisies is a valid link
https://www.mizu.com/en-mx/carnation is a valid link
https://www.mizu.com/en-mx/gift-offers is a valid link
https://www.mizu.com/en-mx/gifts-same-day is a valid link
https://www.mizu.com/en-mx/new is a valid link
https://www.mizu.com/en-mx/occasions-gifts is a valid link
https://www.mizu.com/en-mx/balloons is a valid link
https://www.mizu.com/en-mx/gifts-for-him is a valid link
https://www.mizu.com/en-mx/gifts-for-her is a valid link
https://www.mizu.com/en-mx/breakfast-meal is a valid link
https://www.mizu.com/en-mx/personalized-gifts is a valid link
https://www.mizu.com/en-mx/gift-sets is a valid link
https://www.mizu.com/en-mx/perfumes is a valid link
https://www.mizu.com/en-mx/new-baby-gifts is a valid link
https://www.mizu.com/en-mx/toys is a valid link
https://www.mizu.com/en-mx/jewelry is a valid link
https://www.mizu.com/en-mx/beauty-products is a valid link
https://www.mizu.com/en-mx/birthday-gifts is a valid link
https://www.mizu.com/en-mx/anniversary-gifts is a valid link
https://www.mizu.com/en-mx/graduation-gifts is a valid link
https://www.mizu.com/en-mx/new-baby-gifts is a valid link
https://www.mizu.com/en-mx/congratulation-gifts is a valid link
https://www.mizu.com/en-mx/get-well-gifts is a valid link
https://www.mizu.com/en-mx/i-am-sorry-gifts is a valid link
https://www.mizu.com/en-mx/new-job-gifts is a valid link
https://www.mizu.com/en-mx/gourmet-offers is a valid link
https://www.mizu.com/en-mx/new-products-gourmet is a valid link
https://www.mizu.com/en-mx/breakfast-meal is a valid link
https://www.mizu.com/en-mx/chocolates is a valid link
https://www.mizu.com/en-mx/brownies is a valid link
https://www.mizu.com/en-mx/sweets-and-candies is a valid link
https://www.mizu.com/en-mx/cookies is a valid link
https://www.mizu.com/en-mx/kits is a valid link
https://www.mizu.com/en-mx/cakes is a valid link
https://www.mizu.com/en-mx/boxed-truffles is a valid link
https://www.mizu.com/en-mx/boxed-chocolates is a valid link
https://www.mizu.com/en-mx/personalized-players is a valid link
https://www.mizu.com/en-mx/personalized-balloons is a valid link
https://www.mizu.com/en-mx/personalized-mugs is a valid link
https://www.mizu.com/en-mx/gift-boxes-personalized is a valid link
https://www.mizu.com/en-mx/personalized-photos is a valid link
https://www.mizu.com/en-mx/personalized-jewelry is a valid link
https://www.mizu.com/en-mx/personalized-blankets is a valid link
https://www.mizu.com/en-mx/birthday-of-her is a valid link
https://www.mizu.com/en-mx/birthday-of-him is a valid link
https://www.mizu.com/en-mx/birthday-flowers is a valid link
https://www.mizu.com/en-mx/birthday-gifts is a valid link
https://www.mizu.com/en-mx/birthday-gourmet is a valid link
https://www.mizu.com/en-mx/occasions-balloons is a valid link
https://www.mizu.com/en-mx/birthday-kits is a valid link
https://www.mizu.com/en-mx/personalized-gifts-birthday is a valid link
https://www.mizu.com/en-mx/mugs-photos is a valid link
https://www.mizu.com/en-mx/stationery-products-photos is a valid link
https://www.mizu.com/en-mx/wall-frame is a valid link
https://www.mizu.com/en-mx/clothing-photos is a valid link
https://www.mizu.com/en-mx/home-and-living-photos is a valid link
https://www.mizu.com/en-mx/decoration is a valid link
https://www.mizu.com/en-mx/candles is a valid link
https://www.mizu.com/en-mx/aromatherapy is a valid link
https://www.mizu.com/en-mx/kitchenware is a valid link
https://www.mizu.com/en-mx/mugs is a valid link
https://www.mizu.com/en-mx/clothing is a valid link
https://www.mizu.com/en-mx/jewelry is a valid link
https://www.mizu.com/en-mx/backpacks is a valid link
https://www.mizu.com/en-mx/bags is a valid link
https://www.mizu.com/en-mx/wallets-passport-holder is a valid link
https://www.mizu.com/en-mx/keychain is a valid link
https://www.mizu.com/en-mx/perfumes is a valid link
https://www.mizu.com/en-mx/beauty-products is a valid link
https://www.mizu.com/en-mx/personalized-players is a valid link
{"logLevel":"debug","message":"Killing Java runner..."}
{"logLevel":"debug","message":"Stopping execution pool..."}
{"logLevel":"debug","message":"Shutting down grpc server..."}
{"logLevel":"debug","message":"Runner killed gracefully."}
